d:\zeug\uni\s2\ecg\uebungen\03_graph_prog\build\vs2017\debug\vc142.pdb
d:\zeug\uni\s2\ecg\uebungen\03_graph_prog\build\vs2017\debug\vc142.idb
d:\zeug\uni\s2\ecg\uebungen\03_graph_prog\build\vs2017\debug\application.obj
d:\zeug\uni\s2\ecg\uebungen\03_graph_prog\build\vs2017\debug\main.obj
d:\zeug\uni\s2\ecg\uebungen\03_graph_prog\build\vs2017\debug\abstract_scene.obj
d:\zeug\uni\s2\ecg\uebungen\03_graph_prog\build\vs2017\debug\cube_system.obj
d:\zeug\uni\s2\ecg\uebungen\03_graph_prog\build\vs2017\debug\cube_system_split.obj
d:\zeug\uni\s2\ecg\uebungen\03_graph_prog\build\vs2017\debug\recursive_cubes.obj
d:\zeug\uni\s2\ecg\uebungen\03_graph_prog\build\vs2017\debug\terrain.obj
d:\zeug\uni\s2\ecg\uebungen\03_graph_prog\build\vs2017\debug\example_3d_primitives.obj
d:\zeug\uni\s2\ecg\uebungen\03_graph_prog\build\vs2017\debug\example_cons_primitives.obj
d:\zeug\uni\s2\ecg\uebungen\03_graph_prog\build\vs2017\debug\example_primitives.obj
d:\zeug\uni\s2\ecg\uebungen\03_graph_prog\build\vs2017\debug\example_trans_order.obj
d:\zeug\uni\s2\ecg\uebungen\03_graph_prog\build\vs2017\debug\qdbmp.obj
d:\zeug\uni\s2\ecg\uebungen\03_graph_prog\build\vs2017\debug\graph_prog.exe
d:\zeug\uni\s2\ecg\uebungen\03_graph_prog\build\vs2017\debug\graph_prog.ilk
d:\zeug\uni\s2\ecg\uebungen\03_graph_prog\build\vs2017\debug\graph_prog.pdb
d:\zeug\uni\s2\ecg\uebungen\03_graph_prog\build\vs2017\debug\graph_prog.tlog\cl.command.1.tlog
d:\zeug\uni\s2\ecg\uebungen\03_graph_prog\build\vs2017\debug\graph_prog.tlog\cl.read.1.tlog
d:\zeug\uni\s2\ecg\uebungen\03_graph_prog\build\vs2017\debug\graph_prog.tlog\cl.write.1.tlog
d:\zeug\uni\s2\ecg\uebungen\03_graph_prog\build\vs2017\debug\graph_prog.tlog\link.command.1.tlog
d:\zeug\uni\s2\ecg\uebungen\03_graph_prog\build\vs2017\debug\graph_prog.tlog\link.read.1.tlog
d:\zeug\uni\s2\ecg\uebungen\03_graph_prog\build\vs2017\debug\graph_prog.tlog\link.write.1.tlog
