d:\downloads\sonstiges\02_raster_graphics\build\vs2017\debug\vc142.pdb
d:\downloads\sonstiges\02_raster_graphics\build\vs2017\debug\vc142.idb
d:\downloads\sonstiges\02_raster_graphics\build\vs2017\debug\application.obj
d:\downloads\sonstiges\02_raster_graphics\build\vs2017\debug\canvas_buffer.obj
d:\downloads\sonstiges\02_raster_graphics\build\vs2017\debug\canvas_renderer.obj
d:\downloads\sonstiges\02_raster_graphics\build\vs2017\debug\main.obj
d:\downloads\sonstiges\02_raster_graphics\build\vs2017\debug\preview_renderer.obj
d:\downloads\sonstiges\02_raster_graphics\build\vs2017\debug\bresenham_circle_tool.obj
d:\downloads\sonstiges\02_raster_graphics\build\vs2017\debug\bresenham_line_tool.obj
d:\downloads\sonstiges\02_raster_graphics\build\vs2017\debug\dda_line_tool.obj
d:\downloads\sonstiges\02_raster_graphics\build\vs2017\debug\line_fill_tool.obj
d:\downloads\sonstiges\02_raster_graphics\build\vs2017\debug\non_recursive_fill_tool.obj
d:\downloads\sonstiges\02_raster_graphics\build\vs2017\debug\pen_tool.obj
d:\downloads\sonstiges\02_raster_graphics\build\vs2017\debug\rectangle_tool.obj
d:\downloads\sonstiges\02_raster_graphics\build\vs2017\debug\recursive_fill_tool.obj
d:\downloads\sonstiges\02_raster_graphics\build\vs2017\debug\tool_base.obj
d:\downloads\sonstiges\02_raster_graphics\build\vs2017\debug\raster_graphics.exe
d:\downloads\sonstiges\02_raster_graphics\build\vs2017\debug\raster_graphics.ilk
d:\downloads\sonstiges\02_raster_graphics\build\vs2017\debug\raster_graphics.pdb
d:\downloads\sonstiges\02_raster_graphics\build\vs2017\debug\raster_graphics.tlog\cl.command.1.tlog
d:\downloads\sonstiges\02_raster_graphics\build\vs2017\debug\raster_graphics.tlog\cl.read.1.tlog
d:\downloads\sonstiges\02_raster_graphics\build\vs2017\debug\raster_graphics.tlog\cl.write.1.tlog
d:\downloads\sonstiges\02_raster_graphics\build\vs2017\debug\raster_graphics.tlog\link.command.1.tlog
d:\downloads\sonstiges\02_raster_graphics\build\vs2017\debug\raster_graphics.tlog\link.read.1.tlog
d:\downloads\sonstiges\02_raster_graphics\build\vs2017\debug\raster_graphics.tlog\link.write.1.tlog
